ShoppingMall/app/build/intermediates/manifest_merge_blame_file/debug/manifest-merger-blame-debug-report.txt
1<?xml version="1.0" encoding="utf-8"?>
2<manifest xmlns:android="http://schemas.android.com/apk/res/android"
3    package="com.TQH.FASTSTORE"
4    android:versionCode="1"
5    android:versionName="1.0" >
6
7    <uses-sdk
8        android:minSdkVersion="21"
8-->src\main\AndroidManifest.xml
9        android:targetSdkVersion="29" />
9-->src\main\AndroidManifest.xml
10
11    <uses-permission android:name="android.permission.INTERNET" />
11-->src\main\AndroidManifest.xml:6:5-67
11-->src\main\AndroidManifest.xml:6:22-64
12    <uses-permission android:name="android.permission.ACCESS_NETWORK_STATE" />
12-->src\main\AndroidManifest.xml:7:5-79
12-->src\main\AndroidManifest.xml:7:22-76
13    <uses-permission android:name="com.zing.zalo.permission.ACCESS_THIRD_PARTY_APP_AUTHORIZATION" />
13-->[com.zing.zalo.zalosdk:auth:2.4.1030] AndroidManifest.xml:12:5-101
13-->[com.zing.zalo.zalosdk:auth:2.4.1030] AndroidManifest.xml:12:22-98
14    <uses-permission android:name="android.permission.WAKE_LOCK" />
14-->[com.google.android.gms:play-services-measurement-api:18.0.0] AndroidManifest.xml:24:5-68
14-->[com.google.android.gms:play-services-measurement-api:18.0.0] AndroidManifest.xml:24:22-65
15    <uses-permission android:name="com.google.android.finsky.permission.BIND_GET_INSTALL_REFERRER_SERVICE" />
15-->[com.google.android.gms:play-services-measurement:18.0.0] AndroidManifest.xml:26:5-110
15-->[com.google.android.gms:play-services-measurement:18.0.0] AndroidManifest.xml:26:22-107
16
17    <application
17-->src\main\AndroidManifest.xml:9:5-64:19
18        android:allowBackup="true"
18-->src\main\AndroidManifest.xml:10:9-35
19        android:appComponentFactory="androidx.core.app.CoreComponentFactory"
19-->[androidx.core:core:1.3.1] AndroidManifest.xml:24:18-86
20        android:debuggable="true"
21        android:icon="@mipmap/ic_launcher"
21-->src\main\AndroidManifest.xml:11:9-43
22        android:label="@string/app_name"
22-->src\main\AndroidManifest.xml:12:9-41
23        android:roundIcon="@mipmap/ic_launcher_round"
23-->src\main\AndroidManifest.xml:13:9-54
24        android:supportsRtl="true"
24-->src\main\AndroidManifest.xml:14:9-35
25        android:testOnly="true"
26        android:theme="@style/AppTheme.NoActionBar"
26-->src\main\AndroidManifest.xml:15:9-52
27        android:usesCleartextTraffic="true" >
27-->src\main\AndroidManifest.xml:16:9-44
28        <activity android:name="hcmute.edu.vn.mssv18110326.Activity.UpdatePasswordActivity" />
28-->src\main\AndroidManifest.xml:18:9-78
28-->src\main\AndroidManifest.xml:18:19-66
29        <activity android:name="hcmute.edu.vn.mssv18110326.Activity.EditProfileActivity" />
29-->src\main\AndroidManifest.xml:19:9-66
29-->src\main\AndroidManifest.xml:19:19-63
30        <activity android:name="hcmute.edu.vn.mssv18110326.Activity.ForgotActivity" />
30-->src\main\AndroidManifest.xml:20:9-61
30-->src\main\AndroidManifest.xml:20:19-58
31        <activity android:name="hcmute.edu.vn.mssv18110326.Animation.LoadAppActivity" >
31-->src\main\AndroidManifest.xml:21:9-27:20
31-->src\main\AndroidManifest.xml:21:19-60
32            <intent-filter>
32-->src\main\AndroidManifest.xml:22:13-26:29
33                <action android:name="android.intent.action.MAIN" />
33-->src\main\AndroidManifest.xml:23:17-69
33-->src\main\AndroidManifest.xml:23:25-66
34
35                <category android:name="android.intent.category.LAUNCHER" />
35-->src\main\AndroidManifest.xml:25:17-77
35-->src\main\AndroidManifest.xml:25:27-74
36            </intent-filter>
37        </activity>
38        <activity android:name="hcmute.edu.vn.mssv18110326.Activity.BillDetaiilsActivity" />
38-->src\main\AndroidManifest.xml:28:9-67
38-->src\main\AndroidManifest.xml:28:19-64
39        <activity android:name="hcmute.edu.vn.mssv18110326.Activity.ListUserActivity" />
39-->src\main\AndroidManifest.xml:29:9-63
39-->src\main\AndroidManifest.xml:29:19-60
40        <activity android:name="hcmute.edu.vn.mssv18110326.Activity.ChatMessageActivity" />
40-->src\main\AndroidManifest.xml:30:9-66
40-->src\main\AndroidManifest.xml:30:19-63
41        <activity android:name="hcmute.edu.vn.mssv18110326.Activity.ChatDialogActivity" />
41-->src\main\AndroidManifest.xml:31:9-65
41-->src\main\AndroidManifest.xml:31:19-62
42        <activity android:name="hcmute.edu.vn.mssv18110326.Activity.ChatMainActivity" />
42-->src\main\AndroidManifest.xml:32:9-63
42-->src\main\AndroidManifest.xml:32:19-60
43        <activity android:name="hcmute.edu.vn.mssv18110326.MainActivity2" />
43-->src\main\AndroidManifest.xml:33:9-51
43-->src\main\AndroidManifest.xml:33:19-48
44
45        <meta-data
45-->src\main\AndroidManifest.xml:35:9-37:45
46            android:name="com.zing.zalo.zalosdk.appID"
46-->src\main\AndroidManifest.xml:36:13-55
47            android:value="@string/appID" />
47-->src\main\AndroidManifest.xml:37:13-42
48
49        <activity
49-->src\main\AndroidManifest.xml:39:9-53:20
50            android:name="hcmute.edu.vn.mssv18110326.Activity.OpenZaloActivity"
50-->src\main\AndroidManifest.xml:40:13-54
51            android:label="Merchant Demo"
51-->src\main\AndroidManifest.xml:41:13-42
52            android:launchMode="singleTask" >
52-->src\main\AndroidManifest.xml:42:13-44
53            <intent-filter>
53-->src\main\AndroidManifest.xml:43:13-52:29
54                <action android:name="android.intent.action.VIEW" />
54-->src\main\AndroidManifest.xml:44:17-69
54-->src\main\AndroidManifest.xml:44:25-66
55
56                <category android:name="android.intent.category.DEFAULT" />
56-->src\main\AndroidManifest.xml:46:17-76
56-->src\main\AndroidManifest.xml:46:27-73
57                <category android:name="android.intent.category.BROWSABLE" />
57-->src\main\AndroidManifest.xml:47:17-78
57-->src\main\AndroidManifest.xml:47:27-75
58
59                <data
59-->src\main\AndroidManifest.xml:49:17-51:49
60                    android:host="app"
60-->src\main\AndroidManifest.xml:50:21-39
61                    android:scheme="demozpdk" />
61-->src\main\AndroidManifest.xml:51:21-46
62            </intent-filter>
63        </activity>
64        <activity
64-->src\main\AndroidManifest.xml:54:9-57:47
65            android:name="hcmute.edu.vn.mssv18110326.Activity.PaymentActivity"
65-->src\main\AndroidManifest.xml:55:13-53
66            android:label="Thanh toán dịch vụ"
66-->src\main\AndroidManifest.xml:56:13-47
67            android:launchMode="singleTask" />
67-->src\main\AndroidManifest.xml:57:13-44
68        <activity android:name="hcmute.edu.vn.mssv18110326.Activity.AddressActivity" />
68-->src\main\AndroidManifest.xml:58:9-62
68-->src\main\AndroidManifest.xml:58:19-59
69        <activity android:name="hcmute.edu.vn.mssv18110326.Activity.DetailsActivity" />
69-->src\main\AndroidManifest.xml:59:9-62
69-->src\main\AndroidManifest.xml:59:19-59
70        <activity android:name="hcmute.edu.vn.mssv18110326.Activity.MainActivity" />
70-->src\main\AndroidManifest.xml:60:9-59
70-->src\main\AndroidManifest.xml:60:19-56
71        <activity android:name="hcmute.edu.vn.mssv18110326.Activity.LoginActivity" />
71-->src\main\AndroidManifest.xml:61:9-60
71-->src\main\AndroidManifest.xml:61:19-57
72        <activity android:name="hcmute.edu.vn.mssv18110326.Activity.RegisterAcitivity" />
72-->src\main\AndroidManifest.xml:62:9-64
72-->src\main\AndroidManifest.xml:62:19-61
73        <activity android:name="hcmute.edu.vn.mssv18110326.Activity.DoneActivity" />
73-->src\main\AndroidManifest.xml:63:9-59
73-->src\main\AndroidManifest.xml:63:19-56
74        <activity
74-->[com.zing.zalo.zalosdk:openapi:2.4.1030] AndroidManifest.xml:12:9-16:20
75            android:name="com.zing.zalo.zalosdk.oauth.OpenAPIActivity"
75-->[com.zing.zalo.zalosdk:openapi:2.4.1030] AndroidManifest.xml:13:13-71
76            android:configChanges="keyboardHidden|screenSize|orientation"
76-->[com.zing.zalo.zalosdk:openapi:2.4.1030] AndroidManifest.xml:14:13-74
77            android:theme="@android:style/Theme.Translucent.NoTitleBar" >
77-->[com.zing.zalo.zalosdk:openapi:2.4.1030] AndroidManifest.xml:15:13-72
78        </activity>
79        <activity
79-->[com.zing.zalo.zalosdk:auth:2.4.1030] AndroidManifest.xml:15:9-20:75
80            android:name="com.zing.zalo.zalosdk.oauth.WebLoginActivity"
80-->[com.zing.zalo.zalosdk:auth:2.4.1030] AndroidManifest.xml:16:13-72
81            android:configChanges="orientation|screenSize"
81-->[com.zing.zalo.zalosdk:auth:2.4.1030] AndroidManifest.xml:17:13-59
82            android:screenOrientation="sensor"
82-->[com.zing.zalo.zalosdk:auth:2.4.1030] AndroidManifest.xml:18:13-47
83            android:theme="@style/FixThemeForLoginWebview"
83-->[com.zing.zalo.zalosdk:auth:2.4.1030] AndroidManifest.xml:19:13-59
84            android:windowSoftInputMode="stateHidden|stateAlwaysHidden" />
84-->[com.zing.zalo.zalosdk:auth:2.4.1030] AndroidManifest.xml:20:13-72
85        <activity
85-->[com.google.android.gms:play-services-auth:19.0.0] AndroidManifest.xml:23:9-27:75
86            android:name="com.google.android.gms.auth.api.signin.internal.SignInHubActivity"
86-->[com.google.android.gms:play-services-auth:19.0.0] AndroidManifest.xml:24:13-93
87            android:excludeFromRecents="true"
87-->[com.google.android.gms:play-services-auth:19.0.0] AndroidManifest.xml:25:13-46
88            android:exported="false"
88-->[com.google.android.gms:play-services-auth:19.0.0] AndroidManifest.xml:26:13-37
89            android:theme="@android:style/Theme.Translucent.NoTitleBar" />
89-->[com.google.android.gms:play-services-auth:19.0.0] AndroidManifest.xml:27:13-72
90        <!--
91            Service handling Google Sign-In user revocation. For apps that do not integrate with
92            Google Sign-In, this service will never be started.
93        -->
94        <service
94-->[com.google.android.gms:play-services-auth:19.0.0] AndroidManifest.xml:33:9-37:51
95            android:name="com.google.android.gms.auth.api.signin.RevocationBoundService"
95-->[com.google.android.gms:play-services-auth:19.0.0] AndroidManifest.xml:34:13-89
96            android:exported="true"
96-->[com.google.android.gms:play-services-auth:19.0.0] AndroidManifest.xml:35:13-36
97            android:permission="com.google.android.gms.auth.api.signin.permission.REVOCATION_NOTIFICATION"
97-->[com.google.android.gms:play-services-auth:19.0.0] AndroidManifest.xml:36:13-107
98            android:visibleToInstantApps="true" />
98-->[com.google.android.gms:play-services-auth:19.0.0] AndroidManifest.xml:37:13-48
99
100        <activity
100-->[com.google.android.gms:play-services-base:17.1.0] AndroidManifest.xml:23:9-26:75
101            android:name="com.google.android.gms.common.api.GoogleApiActivity"
101-->[com.google.android.gms:play-services-base:17.1.0] AndroidManifest.xml:24:13-79
102            android:exported="false"
102-->[com.google.android.gms:play-services-base:17.1.0] AndroidManifest.xml:25:13-37
103            android:theme="@android:style/Theme.Translucent.NoTitleBar" />
103-->[com.google.android.gms:play-services-base:17.1.0] AndroidManifest.xml:26:13-72
104
105        <service
105-->[com.google.android.gms:play-services-measurement-api:18.0.0] AndroidManifest.xml:27:9-33:19
106            android:name="com.google.firebase.components.ComponentDiscoveryService"
106-->[com.google.android.gms:play-services-measurement-api:18.0.0] AndroidManifest.xml:28:13-84
107            android:directBootAware="true"
107-->[com.google.firebase:firebase-common:19.5.0] AndroidManifest.xml:35:13-43
108            android:exported="false" >
108-->[com.google.android.gms:play-services-measurement-api:18.0.0] AndroidManifest.xml:29:13-37
109            <meta-data
109-->[com.google.android.gms:play-services-measurement-api:18.0.0] AndroidManifest.xml:30:13-32:85
110                android:name="com.google.firebase.components:com.google.firebase.analytics.connector.internal.AnalyticsConnectorRegistrar"
110-->[com.google.android.gms:play-services-measurement-api:18.0.0] AndroidManifest.xml:31:17-139
111                android:value="com.google.firebase.components.ComponentRegistrar" />
111-->[com.google.android.gms:play-services-measurement-api:18.0.0] AndroidManifest.xml:32:17-82
112            <meta-data
112-->[com.google.firebase:firebase-installations:16.3.5] AndroidManifest.xml:18:13-20:85
113                android:name="com.google.firebase.components:com.google.firebase.installations.FirebaseInstallationsRegistrar"
113-->[com.google.firebase:firebase-installations:16.3.5] AndroidManifest.xml:19:17-127
114                android:value="com.google.firebase.components.ComponentRegistrar" />
114-->[com.google.firebase:firebase-installations:16.3.5] AndroidManifest.xml:20:17-82
115            <!--
116                This registrar is not defined in the dynamic-module-support sdk itself to allow non-firebase
117                clients to use it as well, by defining this registrar in their own core/common library.
118            -->
119            <meta-data
119-->[com.google.firebase:firebase-common:19.5.0] AndroidManifest.xml:43:13-45:85
120                android:name="com.google.firebase.components:com.google.firebase.dynamicloading.DynamicLoadingRegistrar"
120-->[com.google.firebase:firebase-common:19.5.0] AndroidManifest.xml:44:17-121
121                android:value="com.google.firebase.components.ComponentRegistrar" />
121-->[com.google.firebase:firebase-common:19.5.0] AndroidManifest.xml:45:17-82
122        </service>
123
124        <provider
124-->[com.google.firebase:firebase-common:19.5.0] AndroidManifest.xml:26:9-31:39
125            android:name="com.google.firebase.provider.FirebaseInitProvider"
125-->[com.google.firebase:firebase-common:19.5.0] AndroidManifest.xml:27:13-77
126            android:authorities="com.TQH.FASTSTORE.firebaseinitprovider"
126-->[com.google.firebase:firebase-common:19.5.0] AndroidManifest.xml:28:13-72
127            android:directBootAware="true"
127-->[com.google.firebase:firebase-common:19.5.0] AndroidManifest.xml:29:13-43
128            android:exported="false"
128-->[com.google.firebase:firebase-common:19.5.0] AndroidManifest.xml:30:13-37
129            android:initOrder="100" />
129-->[com.google.firebase:firebase-common:19.5.0] AndroidManifest.xml:31:13-36
130
131        <receiver
131-->[com.google.android.gms:play-services-measurement:18.0.0] AndroidManifest.xml:29:9-33:20
132            android:name="com.google.android.gms.measurement.AppMeasurementReceiver"
132-->[com.google.android.gms:play-services-measurement:18.0.0] AndroidManifest.xml:30:13-85
133            android:enabled="true"
133-->[com.google.android.gms:play-services-measurement:18.0.0] AndroidManifest.xml:31:13-35
134            android:exported="false" >
134-->[com.google.android.gms:play-services-measurement:18.0.0] AndroidManifest.xml:32:13-37
135        </receiver>
136
137        <service
137-->[com.google.android.gms:play-services-measurement:18.0.0] AndroidManifest.xml:35:9-38:40
138            android:name="com.google.android.gms.measurement.AppMeasurementService"
138-->[com.google.android.gms:play-services-measurement:18.0.0] AndroidManifest.xml:36:13-84
139            android:enabled="true"
139-->[com.google.android.gms:play-services-measurement:18.0.0] AndroidManifest.xml:37:13-35
140            android:exported="false" />
140-->[com.google.android.gms:play-services-measurement:18.0.0] AndroidManifest.xml:38:13-37
141        <service
141-->[com.google.android.gms:play-services-measurement:18.0.0] AndroidManifest.xml:39:9-43:72
142            android:name="com.google.android.gms.measurement.AppMeasurementJobService"
142-->[com.google.android.gms:play-services-measurement:18.0.0] AndroidManifest.xml:40:13-87
143            android:enabled="true"
143-->[com.google.android.gms:play-services-measurement:18.0.0] AndroidManifest.xml:41:13-35
144            android:exported="false"
144-->[com.google.android.gms:play-services-measurement:18.0.0] AndroidManifest.xml:42:13-37
145            android:permission="android.permission.BIND_JOB_SERVICE" />
145-->[com.google.android.gms:play-services-measurement:18.0.0] AndroidManifest.xml:43:13-69
146
147        <meta-data
147-->[com.google.android.gms:play-services-basement:17.1.1] AndroidManifest.xml:23:9-25:69
148            android:name="com.google.android.gms.version"
148-->[com.google.android.gms:play-services-basement:17.1.1] AndroidManifest.xml:24:13-58
149            android:value="@integer/google_play_services_version" />
149-->[com.google.android.gms:play-services-basement:17.1.1] AndroidManifest.xml:25:13-66
150    </application>
151
152</manifest>